Determining if the pthread_create exist failed with the following output:
Change Dir: /home/dayou/facedetect/dlib-19.9/build/temp.linux-x86_64-2.7/CMakeFiles/CMakeTmp

Run Build Command:"/usr/bin/make" "cmTC_61571/fast"
/usr/bin/make -f CMakeFiles/cmTC_61571.dir/build.make CMakeFiles/cmTC_61571.dir/build
make[1]: Entering directory '/home/dayou/facedetect/dlib-19.9/build/temp.linux-x86_64-2.7/CMakeFiles/CMakeTmp'
Building C object CMakeFiles/cmTC_61571.dir/CheckSymbolExists.c.o
/usr/bin/cc    -fPIE   -o CMakeFiles/cmTC_61571.dir/CheckSymbolExists.c.o   -c /home/dayou/facedetect/dlib-19.9/build/temp.linux-x86_64-2.7/CMakeFiles/CMakeTmp/CheckSymbolExists.c
Linking C executable cmTC_61571
/usr/bin/cmake -E cmake_link_script CMakeFiles/cmTC_61571.dir/link.txt --verbose=1
/usr/bin/cc       CMakeFiles/cmTC_61571.dir/CheckSymbolExists.c.o  -o cmTC_61571 -rdynamic 
CMakeFiles/cmTC_61571.dir/CheckSymbolExists.c.o: In function `main':
CheckSymbolExists.c:(.text+0x1b): undefined reference to `pthread_create'
collect2: error: ld returned 1 exit status
CMakeFiles/cmTC_61571.dir/build.make:97: recipe for target 'cmTC_61571' failed
make[1]: *** [cmTC_61571] Error 1
make[1]: Leaving directory '/home/dayou/facedetect/dlib-19.9/build/temp.linux-x86_64-2.7/CMakeFiles/CMakeTmp'
Makefile:126: recipe for target 'cmTC_61571/fast' failed
make: *** [cmTC_61571/fast] Error 2

File /home/dayou/facedetect/dlib-19.9/build/temp.linux-x86_64-2.7/CMakeFiles/CMakeTmp/CheckSymbolExists.c:
/* */
#include <pthread.h>

int main(int argc, char** argv)
{
  (void)argv;
#ifndef pthread_create
  return ((int*)(&pthread_create))[argc];
#else
  (void)argc;
  return 0;
#endif
}

Determining if the function pthread_create exists in the pthreads failed with the following output:
Change Dir: /home/dayou/facedetect/dlib-19.9/build/temp.linux-x86_64-2.7/CMakeFiles/CMakeTmp

Run Build Command:"/usr/bin/make" "cmTC_01dbf/fast"
/usr/bin/make -f CMakeFiles/cmTC_01dbf.dir/build.make CMakeFiles/cmTC_01dbf.dir/build
make[1]: Entering directory '/home/dayou/facedetect/dlib-19.9/build/temp.linux-x86_64-2.7/CMakeFiles/CMakeTmp'
Building C object CMakeFiles/cmTC_01dbf.dir/CheckFunctionExists.c.o
/usr/bin/cc    -DCHECK_FUNCTION_EXISTS=pthread_create -fPIE   -o CMakeFiles/cmTC_01dbf.dir/CheckFunctionExists.c.o   -c /usr/share/cmake-3.5/Modules/CheckFunctionExists.c
Linking C executable cmTC_01dbf
/usr/bin/cmake -E cmake_link_script CMakeFiles/cmTC_01dbf.dir/link.txt --verbose=1
/usr/bin/cc   -DCHECK_FUNCTION_EXISTS=pthread_create    CMakeFiles/cmTC_01dbf.dir/CheckFunctionExists.c.o  -o cmTC_01dbf -rdynamic -lpthreads 
/usr/bin/ld: cannot find -lpthreads
collect2: error: ld returned 1 exit status
CMakeFiles/cmTC_01dbf.dir/build.make:97: recipe for target 'cmTC_01dbf' failed
make[1]: *** [cmTC_01dbf] Error 1
make[1]: Leaving directory '/home/dayou/facedetect/dlib-19.9/build/temp.linux-x86_64-2.7/CMakeFiles/CMakeTmp'
Makefile:126: recipe for target 'cmTC_01dbf/fast' failed
make: *** [cmTC_01dbf/fast] Error 2


